<?xml version="1.0" encoding="UTF-8"?>
<testsuite name="controller.DoctorListControllerTest" tests="5" skipped="0" failures="0" errors="0" timestamp="2021-03-05T09:57:33" hostname="oyoki" time="0.03">
  <properties/>
  <testcase name="testCreateInvalidDoctor" classname="controller.DoctorListControllerTest" time="0.008"/>
  <testcase name="testLoadDoctorValid" classname="controller.DoctorListControllerTest" time="0.003"/>
  <testcase name="testLoadDoctorInvalid" classname="controller.DoctorListControllerTest" time="0.004"/>
  <testcase name="testValidDoctorInput" classname="controller.DoctorListControllerTest" time="0.006"/>
  <testcase name="testCreateDoctor" classname="controller.DoctorListControllerTest" time="0.003"/>
  <system-out><![CDATA[]]></system-out>
  <system-err><![CDATA[]]></system-err>
</testsuite>
