<?xml version="1.0" encoding="UTF-8"?>
<testsuite name="controller.IOControllerTest" tests="1" skipped="0" failures="0" errors="0" timestamp="2021-03-05T09:57:33" hostname="oyoki" time="0.015">
  <properties/>
  <testcase name="testIOControllerSave" classname="controller.IOControllerTest" time="0.015"/>
  <system-out><![CDATA[in exists
]]></system-out>
  <system-err><![CDATA[]]></system-err>
</testsuite>
