<?xml version="1.0" encoding="UTF-8"?>
<testsuite name="model.TreatmentEntryTest" tests="1" skipped="0" failures="0" errors="0" timestamp="2021-03-05T09:57:33" hostname="oyoki" time="0.008">
  <properties/>
  <testcase name="testToString" classname="model.TreatmentEntryTest" time="0.008"/>
  <system-out><![CDATA[]]></system-out>
  <system-err><![CDATA[]]></system-err>
</testsuite>
