<?xml version="1.0" encoding="UTF-8"?>
<testsuite name="model.RevisionTest" tests="1" skipped="0" failures="0" errors="0" timestamp="2021-03-05T09:57:33" hostname="oyoki" time="0.14">
  <properties/>
  <testcase name="testToString" classname="model.RevisionTest" time="0.14"/>
  <system-out><![CDATA[]]></system-out>
  <system-err><![CDATA[]]></system-err>
</testsuite>
